<?xml version="1.0" encoding="UTF-8"?>
<!-- Generated by org.testng.reporters.JUnitXMLReporter -->
<testsuite ignored="0" hostname="Manish_PC" failures="0" tests="2" name="Error Validation Test" time="39.899" errors="0" timestamp="2025-06-02T20:10:18 IST">
  <testcase classname="testframework.tests.ErrorValidations" name="loginErrorValidation" time="0.58"/>
  <testcase classname="testframework.tests.ErrorValidations" name="productErrorValidation" time="14.04"/>
</testsuite> <!-- Error Validation Test -->
