<?xml version="1.0" encoding="UTF-8"?>
<!-- Generated by org.testng.reporters.JUnitXMLReporter -->
<testsuite ignored="0" hostname="Manish_PC" failures="0" tests="3" name="Submit Order Test" time="66.011" errors="0" timestamp="2025-06-02T20:10:43 IST">
  <testcase classname="testframework.tests.SubmitOrderTest" name="submitOrder" time="15.705"/>
  <testcase classname="testframework.tests.SubmitOrderTest" name="submitOrder" time="15.717"/>
  <testcase classname="testframework.tests.SubmitOrderTest" name="OrderHistoryTest" time="0.752"/>
</testsuite> <!-- Submit Order Test -->
